c:\users\mauum\desktop\peliohjelmointi_08_kesken\peliohjelmointi\ae\debug\vc120.pdb
c:\users\mauum\desktop\peliohjelmointi_08_kesken\peliohjelmointi\ae\debug\vc120.idb
c:\users\mauum\desktop\peliohjelmointi_08_kesken\peliohjelmointi\ae\debug\tinyxml2.obj
c:\users\mauum\desktop\peliohjelmointi_08_kesken\peliohjelmointi\ae\debug\ae.obj
c:\users\mauum\desktop\peliohjelmointi_08_kesken\peliohjelmointi\ae\debug\ai_list.obj
c:\users\mauum\desktop\peliohjelmointi_08_kesken\peliohjelmointi\ae\debug\bullet.obj
c:\users\mauum\desktop\peliohjelmointi_08_kesken\peliohjelmointi\ae\debug\collision.obj
c:\users\mauum\desktop\peliohjelmointi_08_kesken\peliohjelmointi\ae\debug\deletion_list.obj
c:\users\mauum\desktop\peliohjelmointi_08_kesken\peliohjelmointi\ae\debug\duck.obj
c:\users\mauum\desktop\peliohjelmointi_08_kesken\peliohjelmointi\ae\debug\hunter.obj
c:\users\mauum\desktop\peliohjelmointi_08_kesken\peliohjelmointi\ae\debug\hunter_ai.obj
c:\users\mauum\desktop\peliohjelmointi_08_kesken\peliohjelmointi\ae\debug\level.obj
c:\users\mauum\desktop\peliohjelmointi_08_kesken\peliohjelmointi\ae\debug\log.obj
c:\users\mauum\desktop\peliohjelmointi_08_kesken\peliohjelmointi\ae\debug\render_list.obj
c:\users\mauum\desktop\peliohjelmointi_08_kesken\peliohjelmointi\ae\debug\world.obj
c:\users\mauum\desktop\peliohjelmointi_08_kesken\peliohjelmointi\debug\ae.ilk
c:\users\mauum\desktop\peliohjelmointi_08_kesken\peliohjelmointi\debug\ae.exe
c:\users\mauum\desktop\peliohjelmointi_08_kesken\peliohjelmointi\debug\ae.pdb
c:\users\mauum\desktop\peliohjelmointi_08_kesken\peliohjelmointi\ae\debug\ae.tlog\cl.command.1.tlog
c:\users\mauum\desktop\peliohjelmointi_08_kesken\peliohjelmointi\ae\debug\ae.tlog\cl.read.1.tlog
c:\users\mauum\desktop\peliohjelmointi_08_kesken\peliohjelmointi\ae\debug\ae.tlog\cl.write.1.tlog
c:\users\mauum\desktop\peliohjelmointi_08_kesken\peliohjelmointi\ae\debug\ae.tlog\link.command.1.tlog
c:\users\mauum\desktop\peliohjelmointi_08_kesken\peliohjelmointi\ae\debug\ae.tlog\link.read.1.tlog
c:\users\mauum\desktop\peliohjelmointi_08_kesken\peliohjelmointi\ae\debug\ae.tlog\link.write.1.tlog
