c:\users\mauum\desktop\peliohjelmointi_08_kesken\peliohjelmointi\ae\release\vc120.pdb
c:\users\mauum\desktop\peliohjelmointi_08_kesken\peliohjelmointi\ae\release\world.obj
c:\users\mauum\desktop\peliohjelmointi_08_kesken\peliohjelmointi\ae\release\render_list.obj
c:\users\mauum\desktop\peliohjelmointi_08_kesken\peliohjelmointi\ae\release\log.obj
c:\users\mauum\desktop\peliohjelmointi_08_kesken\peliohjelmointi\ae\release\level.obj
c:\users\mauum\desktop\peliohjelmointi_08_kesken\peliohjelmointi\ae\release\hunter_ai.obj
c:\users\mauum\desktop\peliohjelmointi_08_kesken\peliohjelmointi\ae\release\hunter.obj
c:\users\mauum\desktop\peliohjelmointi_08_kesken\peliohjelmointi\ae\release\duck.obj
c:\users\mauum\desktop\peliohjelmointi_08_kesken\peliohjelmointi\ae\release\deletion_list.obj
c:\users\mauum\desktop\peliohjelmointi_08_kesken\peliohjelmointi\ae\release\collision.obj
c:\users\mauum\desktop\peliohjelmointi_08_kesken\peliohjelmointi\ae\release\bullet.obj
c:\users\mauum\desktop\peliohjelmointi_08_kesken\peliohjelmointi\ae\release\ai_list.obj
c:\users\mauum\desktop\peliohjelmointi_08_kesken\peliohjelmointi\ae\release\ae.obj
c:\users\mauum\desktop\peliohjelmointi_08_kesken\peliohjelmointi\ae\release\tinyxml2.obj
c:\users\mauum\desktop\peliohjelmointi_08_kesken\peliohjelmointi\ae\release\ae.tlog\cl.command.1.tlog
c:\users\mauum\desktop\peliohjelmointi_08_kesken\peliohjelmointi\ae\release\ae.tlog\cl.read.1.tlog
c:\users\mauum\desktop\peliohjelmointi_08_kesken\peliohjelmointi\ae\release\ae.tlog\cl.write.1.tlog
c:\users\mauum\desktop\peliohjelmointi_08_kesken\peliohjelmointi\ae\release\ae.tlog\link.command.1.tlog
c:\users\mauum\desktop\peliohjelmointi_08_kesken\peliohjelmointi\ae\release\ae.tlog\link.read.1.tlog
c:\users\mauum\desktop\peliohjelmointi_08_kesken\peliohjelmointi\ae\release\ae.tlog\link.write.1.tlog
