Build started 7.5.2015 7:22:20.
     1>Project "C:\Users\mauum\Desktop\peliohjelmointi_08_kesken\peliohjelmointi\AE\AE.vcxproj" on node 2 (Build target(s)).
     1>ClCompile:
         C:\Program Files\Microsoft Visual Studio 12.0\VC\bin\CL.exe /c /IC:\Users\mauum\Desktop\peliohjelmointi_08_kesken\peliohjelmointi\/3rdparty/WindowsSDK/Include /I"C:\Users\mauum\Desktop\peliohjelmointi_08_kesken\peliohjelmointi\/3rdparty/glew-1.11.0/include" /I"C:\Users\mauum\Desktop\peliohjelmointi_08_kesken\peliohjelmointi\/3rdparty/SDL2-2.0.3/include" /I"C:\Users\mauum\Desktop\peliohjelmointi_08_kesken\peliohjelmointi\/3rdparty/SDL2_image-2.0.0/include" /I"C:\Users\mauum\Desktop\peliohjelmointi_08_kesken\peliohjelmointi\/3rdparty/SDL2_mixer-2.0.0/include" /IC:\Users\mauum\Desktop\peliohjelmointi_08_kesken\peliohjelmointi\/3rdparty/Box2D_v2.2.0 /IC:\Users\mauum\Desktop\peliohjelmointi_08_kesken\peliohjelmointi\/3rdparty/tinyxml2 /Zi /nologo /W3 /WX- /O2 /Oi /Oy- /GL /D WIN32 /D NDEBUG /D _CONSOLE /D _LIB /D _UNICODE /D UNICODE /Gm- /EHsc /MD /GS /Gy /fp:precise /Zc:wchar_t /Zc:forScope /Fo"Release\\" /Fd"Release\vc120.pdb" /Gd /TP /analyze- /errorReport:prompt ..\3rdparty\tinyxml2\tinyxml2.cpp ae.cpp ai_list.cpp bullet.cpp collision.cpp deletion_list.cpp duck.cpp hunter.cpp hunter_ai.cpp level.cpp log.cpp render_list.cpp world.cpp
         tinyxml2.cpp
         ae.cpp
     1>c:\users\mauum\desktop\peliohjelmointi_08_kesken\peliohjelmointi\3rdparty\windowssdk\include\sal_supp.h(57): warning C4005: '__useHeader' : macro redefinition
                 C:\Program Files\Microsoft Visual Studio 12.0\VC\include\sal.h(2886) : see previous definition of '__useHeader'
     1>c:\users\mauum\desktop\peliohjelmointi_08_kesken\peliohjelmointi\3rdparty\windowssdk\include\specstrings_supp.h(77): warning C4005: '__on_failure' : macro redefinition
                 C:\Program Files\Microsoft Visual Studio 12.0\VC\include\sal.h(2896) : see previous definition of '__on_failure'
     1>ae.cpp(134): warning C4244: 'argument' : conversion from 'double' to 'float32', possible loss of data
         ai_list.cpp
         bullet.cpp
     1>c:\users\mauum\desktop\peliohjelmointi_08_kesken\peliohjelmointi\3rdparty\windowssdk\include\sal_supp.h(57): warning C4005: '__useHeader' : macro redefinition
                 C:\Program Files\Microsoft Visual Studio 12.0\VC\include\sal.h(2886) : see previous definition of '__useHeader'
     1>c:\users\mauum\desktop\peliohjelmointi_08_kesken\peliohjelmointi\3rdparty\windowssdk\include\specstrings_supp.h(77): warning C4005: '__on_failure' : macro redefinition
                 C:\Program Files\Microsoft Visual Studio 12.0\VC\include\sal.h(2896) : see previous definition of '__on_failure'
     1>bullet.cpp(44): warning C4244: 'argument' : conversion from 'double' to 'float32', possible loss of data
     1>bullet.cpp(78): warning C4244: 'argument' : conversion from 'double' to 'GLfloat', possible loss of data
     1>bullet.cpp(93): warning C4244: 'initializing' : conversion from 'double' to 'float', possible loss of data
         collision.cpp
     1>c:\users\mauum\desktop\peliohjelmointi_08_kesken\peliohjelmointi\3rdparty\windowssdk\include\sal_supp.h(57): warning C4005: '__useHeader' : macro redefinition
                 C:\Program Files\Microsoft Visual Studio 12.0\VC\include\sal.h(2886) : see previous definition of '__useHeader'
     1>c:\users\mauum\desktop\peliohjelmointi_08_kesken\peliohjelmointi\3rdparty\windowssdk\include\specstrings_supp.h(77): warning C4005: '__on_failure' : macro redefinition
                 C:\Program Files\Microsoft Visual Studio 12.0\VC\include\sal.h(2896) : see previous definition of '__on_failure'
         deletion_list.cpp
         duck.cpp
     1>c:\users\mauum\desktop\peliohjelmointi_08_kesken\peliohjelmointi\3rdparty\windowssdk\include\sal_supp.h(57): warning C4005: '__useHeader' : macro redefinition
                 C:\Program Files\Microsoft Visual Studio 12.0\VC\include\sal.h(2886) : see previous definition of '__useHeader'
     1>c:\users\mauum\desktop\peliohjelmointi_08_kesken\peliohjelmointi\3rdparty\windowssdk\include\specstrings_supp.h(77): warning C4005: '__on_failure' : macro redefinition
                 C:\Program Files\Microsoft Visual Studio 12.0\VC\include\sal.h(2896) : see previous definition of '__on_failure'
     1>duck.cpp(79): warning C4244: 'argument' : conversion from 'double' to 'GLfloat', possible loss of data
     1>duck.cpp(95): warning C4244: 'initializing' : conversion from 'double' to 'float', possible loss of data
     1>duck.cpp(158): warning C4305: '=' : truncation from 'double' to 'float'
         hunter.cpp
     1>c:\users\mauum\desktop\peliohjelmointi_08_kesken\peliohjelmointi\3rdparty\windowssdk\include\sal_supp.h(57): warning C4005: '__useHeader' : macro redefinition
                 C:\Program Files\Microsoft Visual Studio 12.0\VC\include\sal.h(2886) : see previous definition of '__useHeader'
     1>c:\users\mauum\desktop\peliohjelmointi_08_kesken\peliohjelmointi\3rdparty\windowssdk\include\specstrings_supp.h(77): warning C4005: '__on_failure' : macro redefinition
                 C:\Program Files\Microsoft Visual Studio 12.0\VC\include\sal.h(2896) : see previous definition of '__on_failure'
     1>hunter.cpp(42): warning C4305: 'argument' : truncation from 'double' to 'float32'
     1>hunter.cpp(140): warning C4244: 'initializing' : conversion from 'double' to 'float', possible loss of data
         hunter_ai.cpp
     1>c:\users\mauum\desktop\peliohjelmointi_08_kesken\peliohjelmointi\3rdparty\windowssdk\include\sal_supp.h(57): warning C4005: '__useHeader' : macro redefinition
                 C:\Program Files\Microsoft Visual Studio 12.0\VC\include\sal.h(2886) : see previous definition of '__useHeader'
     1>c:\users\mauum\desktop\peliohjelmointi_08_kesken\peliohjelmointi\3rdparty\windowssdk\include\specstrings_supp.h(77): warning C4005: '__on_failure' : macro redefinition
                 C:\Program Files\Microsoft Visual Studio 12.0\VC\include\sal.h(2896) : see previous definition of '__on_failure'
     1>hunter_ai.cpp(100): warning C4244: 'argument' : conversion from 'double' to 'float', possible loss of data
     1>hunter_ai.cpp(100): warning C4244: 'argument' : conversion from 'float' to 'int', possible loss of data
         level.cpp
     1>c:\users\mauum\desktop\peliohjelmointi_08_kesken\peliohjelmointi\3rdparty\windowssdk\include\sal_supp.h(57): warning C4005: '__useHeader' : macro redefinition
                 C:\Program Files\Microsoft Visual Studio 12.0\VC\include\sal.h(2886) : see previous definition of '__useHeader'
     1>c:\users\mauum\desktop\peliohjelmointi_08_kesken\peliohjelmointi\3rdparty\windowssdk\include\specstrings_supp.h(77): warning C4005: '__on_failure' : macro redefinition
                 C:\Program Files\Microsoft Visual Studio 12.0\VC\include\sal.h(2896) : see previous definition of '__on_failure'
     1>level.cpp(199): warning C4244: '=' : conversion from 'GLint' to 'GLfloat', possible loss of data
     1>level.cpp(200): warning C4244: '=' : conversion from 'GLint' to 'GLfloat', possible loss of data
     1>level.cpp(216): warning C4244: 'initializing' : conversion from 'double' to 'float', possible loss of data
     1>level.cpp(217): warning C4244: 'initializing' : conversion from 'double' to 'float', possible loss of data
         log.cpp
         render_list.cpp
         world.cpp
       Link:
         C:\Program Files\Microsoft Visual Studio 12.0\VC\bin\link.exe /ERRORREPORT:PROMPT /OUT:"C:\Users\mauum\Desktop\peliohjelmointi_08_kesken\peliohjelmointi\Release\AE.exe" /INCREMENTAL:NO /NOLOGO /LIBPATH:C:\Users\mauum\Desktop\peliohjelmointi_08_kesken\peliohjelmointi\/3rdparty/WindowsSDK/Lib /LIBPATH:"C:\Users\mauum\Desktop\peliohjelmointi_08_kesken\peliohjelmointi\/3rdparty/glew-1.11.0/lib/Release/Win32" /LIBPATH:"C:\Users\mauum\Desktop\peliohjelmointi_08_kesken\peliohjelmointi\/3rdparty/SDL2-2.0.3/lib/x86" /LIBPATH:"C:\Users\mauum\Desktop\peliohjelmointi_08_kesken\peliohjelmointi\/3rdparty/SDL2_image-2.0.0/lib/x86" /LIBPATH:"C:\Users\mauum\Desktop\peliohjelmointi_08_kesken\peliohjelmointi\/3rdparty/SDL2_mixer-2.0.0/lib/x86" /LIBPATH:C:\Users\mauum\Desktop\peliohjelmointi_08_kesken\peliohjelmointi\/3rdparty/Box2D_v2.2.0/lib/release OpenGL32.lib GlU32.lib glew32.lib SDL2.lib SDL2main.lib SDL2_image.lib SDL2_mixer.lib Box2D.lib kernel32.lib user32.lib gdi32.lib winspool.lib comdlg32.lib advapi32.lib shell32.lib ole32.lib oleaut32.lib uuid.lib odbc32.lib odbccp32.lib /MANIFEST /MANIFESTUAC:"level='asInvoker' uiAccess='false'" /manifest:embed /DEBUG /PDB:"C:\Users\mauum\Desktop\peliohjelmointi_08_kesken\peliohjelmointi\Release\AE.pdb" /SUBSYSTEM:CONSOLE /OPT:REF /OPT:ICF /LTCG /TLBID:1 /DYNAMICBASE /NXCOMPAT /IMPLIB:"C:\Users\mauum\Desktop\peliohjelmointi_08_kesken\peliohjelmointi\Release\AE.lib" /MACHINE:X86 /SAFESEH Release\tinyxml2.obj
         Release\ae.obj
         Release\ai_list.obj
         Release\bullet.obj
         Release\collision.obj
         Release\deletion_list.obj
         Release\duck.obj
         Release\hunter.obj
         Release\hunter_ai.obj
         Release\level.obj
         Release\log.obj
         Release\render_list.obj
         Release\world.obj
         Generating code
         Finished generating code
         AE.vcxproj -> C:\Users\mauum\Desktop\peliohjelmointi_08_kesken\peliohjelmointi\Release\AE.exe
     1>Done Building Project "C:\Users\mauum\Desktop\peliohjelmointi_08_kesken\peliohjelmointi\AE\AE.vcxproj" (Build target(s)).

Build succeeded.

Time Elapsed 00:00:08.50
